Vocabulary size: 43405
Traceback (most recent call last):
  File "/home/yoshioka20/nas02home/TG/CVAE-t-CWS/reconstract.py", line 385, in <module>
    main(args)
  File "/home/yoshioka20/nas02home/TG/CVAE-t-CWS/reconstract.py", line 131, in main
    model = attnVAE(**kwargs)
TypeError: __init__() missing 1 required positional argument: 'debug'
Vocabulary size: 43405
Traceback (most recent call last):
  File "/home/yoshioka20/nas02home/TG/CVAE-t-CWS/reconstract.py", line 385, in <module>
    main(args)
  File "/home/yoshioka20/nas02home/TG/CVAE-t-CWS/reconstract.py", line 131, in main
    model = attnVAE(**kwargs)
TypeError: __init__() missing 1 required positional argument: 'debug'
